running egg_info
writing ../build/super_motorikin_study_pkg/super_motorikin_study_pkg.egg-info/PKG-INFO
writing dependency_links to ../build/super_motorikin_study_pkg/super_motorikin_study_pkg.egg-info/dependency_links.txt
writing entry points to ../build/super_motorikin_study_pkg/super_motorikin_study_pkg.egg-info/entry_points.txt
writing requirements to ../build/super_motorikin_study_pkg/super_motorikin_study_pkg.egg-info/requires.txt
writing top-level names to ../build/super_motorikin_study_pkg/super_motorikin_study_pkg.egg-info/top_level.txt
reading manifest file '../build/super_motorikin_study_pkg/super_motorikin_study_pkg.egg-info/SOURCES.txt'
writing manifest file '../build/super_motorikin_study_pkg/super_motorikin_study_pkg.egg-info/SOURCES.txt'
running build
running build_py
running install
running install_lib
running install_data
copying launch/my_first_launch.py -> /home/bar1s/ros2_ws/src/install/super_motorikin_study_pkg/share/super_motorikin_study_pkg/launch
copying launch/robot_system.launch.py -> /home/bar1s/ros2_ws/src/install/super_motorikin_study_pkg/share/super_motorikin_study_pkg/launch
running install_egg_info
Copying ../build/super_motorikin_study_pkg/super_motorikin_study_pkg.egg-info to /home/bar1s/ros2_ws/src/install/super_motorikin_study_pkg/lib/python3.12/site-packages/super_motorikin_study_pkg-0.0.0-py3.12.egg-info
running install_scripts
Installing carrot_broadcaster script to /home/bar1s/ros2_ws/src/install/super_motorikin_study_pkg/lib/super_motorikin_study_pkg
Installing even_number_publisher script to /home/bar1s/ros2_ws/src/install/super_motorikin_study_pkg/lib/super_motorikin_study_pkg
Installing overflow_listener script to /home/bar1s/ros2_ws/src/install/super_motorikin_study_pkg/lib/super_motorikin_study_pkg
Installing static_tf_broadcaster script to /home/bar1s/ros2_ws/src/install/super_motorikin_study_pkg/lib/super_motorikin_study_pkg
Installing time_printer script to /home/bar1s/ros2_ws/src/install/super_motorikin_study_pkg/lib/super_motorikin_study_pkg
Installing turtle_broadcaster script to /home/bar1s/ros2_ws/src/install/super_motorikin_study_pkg/lib/super_motorikin_study_pkg
writing list of installed files to '/home/bar1s/ros2_ws/src/build/super_motorikin_study_pkg/install.log'
