[0.886s] Invoking command in '/home/bar1s/ros2_ws/src/super_motorikin_study_pkg': DEBUGINFOD_URLS=https://debuginfod.ubuntu.com PYTHONPATH=/home/bar1s/ros2_ws/src/build/super_motorikin_study_pkg/prefix_override:/usr/lib/python3/dist-packages/colcon_core/task/python/colcon_distutils_commands:/home/bar1s/ros2_ws/src/install/super_motorikin_study_pkg/lib/python3.12/site-packages:${PYTHONPATH} /usr/bin/python3 -W ignore:setup.py install is deprecated -W ignore:easy_install command is deprecated setup.py egg_info --egg-base ../build/super_motorikin_study_pkg build --build-base /home/bar1s/ros2_ws/src/build/super_motorikin_study_pkg/build install --record /home/bar1s/ros2_ws/src/build/super_motorikin_study_pkg/install.log --single-version-externally-managed install_data
[1.178s] running egg_info
[1.202s] writing ../build/super_motorikin_study_pkg/super_motorikin_study_pkg.egg-info/PKG-INFO
[1.202s] writing dependency_links to ../build/super_motorikin_study_pkg/super_motorikin_study_pkg.egg-info/dependency_links.txt
[1.202s] writing entry points to ../build/super_motorikin_study_pkg/super_motorikin_study_pkg.egg-info/entry_points.txt
[1.203s] writing requirements to ../build/super_motorikin_study_pkg/super_motorikin_study_pkg.egg-info/requires.txt
[1.203s] writing top-level names to ../build/super_motorikin_study_pkg/super_motorikin_study_pkg.egg-info/top_level.txt
[1.253s] reading manifest file '../build/super_motorikin_study_pkg/super_motorikin_study_pkg.egg-info/SOURCES.txt'
[1.253s] writing manifest file '../build/super_motorikin_study_pkg/super_motorikin_study_pkg.egg-info/SOURCES.txt'
[1.254s] running build
[1.254s] running build_py
[1.254s] running install
[1.259s] running install_lib
[1.285s] running install_data
[1.285s] copying launch/my_first_launch.py -> /home/bar1s/ros2_ws/src/install/super_motorikin_study_pkg/share/super_motorikin_study_pkg/launch
[1.285s] copying launch/robot_system.launch.py -> /home/bar1s/ros2_ws/src/install/super_motorikin_study_pkg/share/super_motorikin_study_pkg/launch
[1.285s] running install_egg_info
[1.311s] Copying ../build/super_motorikin_study_pkg/super_motorikin_study_pkg.egg-info to /home/bar1s/ros2_ws/src/install/super_motorikin_study_pkg/lib/python3.12/site-packages/super_motorikin_study_pkg-0.0.0-py3.12.egg-info
[1.313s] running install_scripts
[1.470s] Installing carrot_broadcaster script to /home/bar1s/ros2_ws/src/install/super_motorikin_study_pkg/lib/super_motorikin_study_pkg
[1.471s] Installing even_number_publisher script to /home/bar1s/ros2_ws/src/install/super_motorikin_study_pkg/lib/super_motorikin_study_pkg
[1.471s] Installing overflow_listener script to /home/bar1s/ros2_ws/src/install/super_motorikin_study_pkg/lib/super_motorikin_study_pkg
[1.471s] Installing static_tf_broadcaster script to /home/bar1s/ros2_ws/src/install/super_motorikin_study_pkg/lib/super_motorikin_study_pkg
[1.471s] Installing time_printer script to /home/bar1s/ros2_ws/src/install/super_motorikin_study_pkg/lib/super_motorikin_study_pkg
[1.471s] Installing turtle_broadcaster script to /home/bar1s/ros2_ws/src/install/super_motorikin_study_pkg/lib/super_motorikin_study_pkg
[1.471s] writing list of installed files to '/home/bar1s/ros2_ws/src/build/super_motorikin_study_pkg/install.log'
[1.499s] Invoked command in '/home/bar1s/ros2_ws/src/super_motorikin_study_pkg' returned '0': DEBUGINFOD_URLS=https://debuginfod.ubuntu.com PYTHONPATH=/home/bar1s/ros2_ws/src/build/super_motorikin_study_pkg/prefix_override:/usr/lib/python3/dist-packages/colcon_core/task/python/colcon_distutils_commands:/home/bar1s/ros2_ws/src/install/super_motorikin_study_pkg/lib/python3.12/site-packages:${PYTHONPATH} /usr/bin/python3 -W ignore:setup.py install is deprecated -W ignore:easy_install command is deprecated setup.py egg_info --egg-base ../build/super_motorikin_study_pkg build --build-base /home/bar1s/ros2_ws/src/build/super_motorikin_study_pkg/build install --record /home/bar1s/ros2_ws/src/build/super_motorikin_study_pkg/install.log --single-version-externally-managed install_data
