/home/bar1s/ros2_ws/src/install/super_motorikin_study_pkg/lib/python3.12/site-packages/super_motorikin_study_pkg/__init__.py
/home/bar1s/ros2_ws/src/install/super_motorikin_study_pkg/lib/python3.12/site-packages/super_motorikin_study_pkg/scripts/turtle_carrot_tf_broadcaster.py
/home/bar1s/ros2_ws/src/install/super_motorikin_study_pkg/lib/python3.12/site-packages/super_motorikin_study_pkg/scripts/overflow_listener.py
/home/bar1s/ros2_ws/src/install/super_motorikin_study_pkg/lib/python3.12/site-packages/super_motorikin_study_pkg/scripts/static_tf_broadcaster.py
/home/bar1s/ros2_ws/src/install/super_motorikin_study_pkg/lib/python3.12/site-packages/super_motorikin_study_pkg/scripts/even_number_publisher.py
/home/bar1s/ros2_ws/src/install/super_motorikin_study_pkg/lib/python3.12/site-packages/super_motorikin_study_pkg/scripts/time_printer.py
/home/bar1s/ros2_ws/src/install/super_motorikin_study_pkg/lib/python3.12/site-packages/super_motorikin_study_pkg/scripts/turtle_tf_broadcaster.py
/home/bar1s/ros2_ws/src/install/super_motorikin_study_pkg/lib/python3.12/site-packages/super_motorikin_study_pkg/__pycache__/__init__.cpython-312.pyc
/home/bar1s/ros2_ws/src/install/super_motorikin_study_pkg/lib/python3.12/site-packages/super_motorikin_study_pkg/scripts/__pycache__/turtle_carrot_tf_broadcaster.cpython-312.pyc
/home/bar1s/ros2_ws/src/install/super_motorikin_study_pkg/lib/python3.12/site-packages/super_motorikin_study_pkg/scripts/__pycache__/overflow_listener.cpython-312.pyc
/home/bar1s/ros2_ws/src/install/super_motorikin_study_pkg/lib/python3.12/site-packages/super_motorikin_study_pkg/scripts/__pycache__/static_tf_broadcaster.cpython-312.pyc
/home/bar1s/ros2_ws/src/install/super_motorikin_study_pkg/lib/python3.12/site-packages/super_motorikin_study_pkg/scripts/__pycache__/even_number_publisher.cpython-312.pyc
/home/bar1s/ros2_ws/src/install/super_motorikin_study_pkg/lib/python3.12/site-packages/super_motorikin_study_pkg/scripts/__pycache__/time_printer.cpython-312.pyc
/home/bar1s/ros2_ws/src/install/super_motorikin_study_pkg/lib/python3.12/site-packages/super_motorikin_study_pkg/scripts/__pycache__/turtle_tf_broadcaster.cpython-312.pyc
/home/bar1s/ros2_ws/src/install/super_motorikin_study_pkg/share/ament_index/resource_index/packages/super_motorikin_study_pkg
/home/bar1s/ros2_ws/src/install/super_motorikin_study_pkg/share/super_motorikin_study_pkg/package.xml
/home/bar1s/ros2_ws/src/install/super_motorikin_study_pkg/share/super_motorikin_study_pkg/launch/my_first_launch.py
/home/bar1s/ros2_ws/src/install/super_motorikin_study_pkg/share/super_motorikin_study_pkg/launch/robot_system.launch.py
/home/bar1s/ros2_ws/src/install/super_motorikin_study_pkg/lib/python3.12/site-packages/super_motorikin_study_pkg-0.0.0-py3.12.egg-info/dependency_links.txt
/home/bar1s/ros2_ws/src/install/super_motorikin_study_pkg/lib/python3.12/site-packages/super_motorikin_study_pkg-0.0.0-py3.12.egg-info/top_level.txt
/home/bar1s/ros2_ws/src/install/super_motorikin_study_pkg/lib/python3.12/site-packages/super_motorikin_study_pkg-0.0.0-py3.12.egg-info/requires.txt
/home/bar1s/ros2_ws/src/install/super_motorikin_study_pkg/lib/python3.12/site-packages/super_motorikin_study_pkg-0.0.0-py3.12.egg-info/PKG-INFO
/home/bar1s/ros2_ws/src/install/super_motorikin_study_pkg/lib/python3.12/site-packages/super_motorikin_study_pkg-0.0.0-py3.12.egg-info/SOURCES.txt
/home/bar1s/ros2_ws/src/install/super_motorikin_study_pkg/lib/python3.12/site-packages/super_motorikin_study_pkg-0.0.0-py3.12.egg-info/zip-safe
/home/bar1s/ros2_ws/src/install/super_motorikin_study_pkg/lib/python3.12/site-packages/super_motorikin_study_pkg-0.0.0-py3.12.egg-info/entry_points.txt
/home/bar1s/ros2_ws/src/install/super_motorikin_study_pkg/lib/super_motorikin_study_pkg/carrot_broadcaster
/home/bar1s/ros2_ws/src/install/super_motorikin_study_pkg/lib/super_motorikin_study_pkg/even_number_publisher
/home/bar1s/ros2_ws/src/install/super_motorikin_study_pkg/lib/super_motorikin_study_pkg/overflow_listener
/home/bar1s/ros2_ws/src/install/super_motorikin_study_pkg/lib/super_motorikin_study_pkg/static_tf_broadcaster
/home/bar1s/ros2_ws/src/install/super_motorikin_study_pkg/lib/super_motorikin_study_pkg/time_printer
/home/bar1s/ros2_ws/src/install/super_motorikin_study_pkg/lib/super_motorikin_study_pkg/turtle_broadcaster
